<?xml version="1.0" encoding="UTF-8"?>
<!-- Generated by org.testng.reporters.JUnitReportReporter -->
<testsuite hostname="DESKTOP-DEPQ5QO" failures="0" tests="3" name="org.example.ExampleClass" time="0.036" errors="0" timestamp="2023-10-19T16:20:44 IST" skipped="0">
  <testcase classname="org.example.ExampleClass" name="test2" time="0.007"/>
  <testcase classname="org.example.ExampleClass" name="test3" time="0.019"/>
  <testcase classname="org.example.ExampleClass" name="Test1" time="0.010"/>
</testsuite> <!-- org.example.ExampleClass -->
