<?xml version="1.0" encoding="UTF-8"?>
<!-- Generated by org.testng.reporters.JUnitReportReporter -->
<testsuite hostname="DESKTOP-DEPQ5QO" failures="0" tests="2" name="org.example.SeleniumTest" time="55.658" errors="0" timestamp="2023-10-19T16:23:41 IST" skipped="0">
  <testcase classname="org.example.SeleniumTest" name="RegisterAccount" time="34.172"/>
  <testcase classname="org.example.SeleniumTest" name="RegisterAccoun3" time="21.486"/>
</testsuite> <!-- org.example.SeleniumTest -->
