<?xml version="1.0" encoding="UTF-8"?>
<!-- Generated by org.testng.reporters.JUnitReportReporter -->
<testsuite hostname="DESKTOP-DEPQ5QO" failures="0" tests="1" name="org.example.FundTransferTestcases" time="0.001" errors="0" timestamp="2023-10-19T16:20:44 IST" skipped="0">
  <testcase classname="org.example.FundTransferTestcases" name="transferFund" time="0.001"/>
</testsuite> <!-- org.example.FundTransferTestcases -->
